STEP to UG
! INFO-     Renaming Log File to C:\Users\Sergei.Satsevich\Desktop\Drone_textolit_ver1\3D_PCB_End_Effector_3_smd_ver_1.log
STEP to UG
! INFO-     Renaming Log File to C:\Users\Sergei.Satsevich\Desktop\Drone_textolit_ver1\3D_PCB_End_Effector_3_smd_ver_2.log
STEP to UG
! INFO-     Renaming Log File to C:\Users\Sergei.Satsevich\Desktop\Drone_textolit_ver1\3D_PCB1_2023-08-30.log
STEP to UG
! INFO-     Renaming Log File to C:\Users\Sergei.Satsevich\Desktop\Drone_textolit_ver1\3D_PCB_End_Effector_3_smd_ver-3.log
STEP to UG
! INFO-     Renaming Log File to C:\Users\Sazewar\Downloads\Новая папка\Multiconfiguration Commercial Splined shafts profile HTD-5M.log
STEP to UG
! INFO-     Renaming Log File to C:\Users\Sazewar\Downloads\Новая папка\HTD-5M Set Shafts.log
STEP to UG
! INFO-     Renaming Log File to C:\Users\Sazewar\Desktop\Drone_textolit_ver1\For silicon\Прибор.log
STEP to UG
! INFO-     Renaming Log File to C:\Users\Sazewar\Desktop\Псина2\Robodog\2023.000.000 - Robodog\Jetson nano_fixed.log
STEP to UG
! INFO-     Renaming Log File to C:\Users\Sazewar\Downloads\nvidia-jetson-agx-orion-developer-kit-1.snapshot.1\00_top_lvl_p3737_01142022.log
STEP to UG
! INFO-     Renaming Log File to C:\Users\Sazewar\Downloads\agx-orin-1.snapshot.2\AGX orin .log
STEP to UG
! INFO-     Renaming Log File to C:\Users\Sazewar\Downloads\baby_stm32_apm-1.snapshot.3\BABY_STM32_APM.log
