STEP to UG
! INFO-     NX STEP AP203 - V12.0
! INFO-      
! INFO-     Start of Translation: 4-JUL-2024  10:14:27 PM
! INFO-      
! STATUS-   Converting Part: C:\Users\user\Desktop\Robodog_new\Robodog_new\HyperDog_Step\Hyperdog.stp
! SUMMARY-   
! SUMMARY-    STEP Header Information
! SUMMARY-   
! SUMMARY-  Description      Unknown
! SUMMARY-  Imp_Level        2;1
! SUMMARY-  File_Name        Hyperdog.stp
! SUMMARY-  Date             2024-06-30T21:09:01+03:00
! SUMMARY-  Author           Unknown
! SUMMARY-  Organization     Unknown
! SUMMARY-  Pre_Version      ST-DEVELOPER v16.7
! SUMMARY-  Orig_System      SIEMENS PLM Software NX 12.0
! SUMMARY-  Authorization    Unknown
! SUMMARY-  Schema_ID        automotive_design
! SUMMARY-   
! SUMMARY-    Summary of STEP Entities
! SUMMARY-   
! SUMMARY-  Entity Type                                                   Count
! SUMMARY-  -----------                                                   ------
! SUMMARY-  advanced_face ..............................................:   9662
! SUMMARY-  application_context ........................................:      1
! SUMMARY-  axis1_placement ............................................:     13
! SUMMARY-  axis2_placement_3d .........................................:  20626
! SUMMARY-  b_spline_curve_with_knots ..................................:   1766
! SUMMARY-  b_spline_curve_with_knots_and_rational_b_spline_curve ......:     36
! SUMMARY-  b_spline_surface_with_knots ................................:    200
! SUMMARY-  b_spline_surface_with_knots_and_rational_b_spline_surface ..:    102
! SUMMARY-  brep_with_voids ............................................:      3
! SUMMARY-  cartesian_point ............................................: 109209
! SUMMARY-  circle .....................................................:  11091
! SUMMARY-  closed_shell ...............................................:    153
! SUMMARY-  conical_surface ............................................:   1025
! SUMMARY-  context_dependent_shape_representation .....................:     13
! SUMMARY-  conversion_based_unit_and_plane_angle_unit .................:      1
! SUMMARY-  cylindrical_surface ........................................:   3846
! SUMMARY-  dimensional_exponents ......................................:      1
! SUMMARY-  direction ..................................................:  51098
! SUMMARY-  edge_curve .................................................:  22869
! SUMMARY-  edge_loop ..................................................:  13800
! SUMMARY-  ellipse ....................................................:    192
! SUMMARY-  face_bound .................................................:   6603
! SUMMARY-  face_outer_bound ...........................................:   7197
! SUMMARY-  geometric_representation_context_and_global_uncertainty_a ..:      6
! SUMMARY-  item_defined_transformation ................................:     13
! SUMMARY-  length_unit_and_si_unit ....................................:      1
! SUMMARY-  line .......................................................:   9815
! SUMMARY-  manifold_solid_brep ........................................:      2
! SUMMARY-  next_assembly_usage_occurrence .............................:     13
! SUMMARY-  oriented_closed_shell ......................................:    148
! SUMMARY-  oriented_edge ..............................................:  45738
! SUMMARY-  plane ......................................................:   4047
! SUMMARY-  plane_angle_measure_with_unit ..............................:      1
! SUMMARY-  plane_angle_unit_and_si_unit ...............................:      1
! SUMMARY-  product ....................................................:      6
! SUMMARY-  product_context ............................................:      6
! SUMMARY-  product_definition .........................................:      6
! SUMMARY-  product_definition_context .................................:      6
! SUMMARY-  product_definition_formation_with_specified_source .........:      6
! SUMMARY-  product_definition_shape ...................................:     19
! SUMMARY-  product_related_product_category ...........................:      6
! SUMMARY-  representation_relationship_with_transformation_and_shape ..:     13
! SUMMARY-  shape_representation .......................................:      6
! SUMMARY-  si_unit_and_solid_angle_unit ...............................:      1
! SUMMARY-  spherical_surface ..........................................:     74
! SUMMARY-  surface_of_linear_extrusion ................................:     18
! SUMMARY-  surface_of_revolution ......................................:     13
! SUMMARY-  toroidal_surface ...........................................:    337
! SUMMARY-  uncertainty_measure_with_unit ..............................:      6
! SUMMARY-  vector .....................................................:   9833
! SUMMARY-  vertex_point ...............................................:  15861
! SUMMARY-                                                               -------
! SUMMARY-  Total                                                         345509
! STATUS-    
! STATUS-   Converting to Output Form (Phase 2 of 3): 4-JUL-2024 10:14:29 PM
! STATUS-    
! STATUS-    
! STATUS-   Generating UG geometry and placing them in parts
! STATUS-    
! STATUS-   Creating the UG part (Phase 3 of 3): 4-JUL-2024  10:14:30 PM
! STATUS-    
! STATUS-   Creating UG solid body from Input Ent Id 3488
! STATUS-    
! STATUS-   fixing vertex off curve and/or edge reversed faults
! STATUS-    
! STATUS-   fixing vertex and/or edge off surface faults
! STATUS-    
! STATUS-   simplifying Bsplines to analytics
! STATUS-    
! STATUS-   converting tolerant edges into exact edges
! STATUS-    
! STATUS-   doing final check of body to report any faults
! STATUS-    
! INFO-     Filing Part ..: C:\Users\user\Desktop\Robodog_new\Robodog_new\HyperDog_Step\2023.300.777 - Thigh
! SUMMARY-   
! SUMMARY-  Summary of Unigraphics Part Entities
! SUMMARY-   
! SUMMARY-  Entities Processed             Count
! SUMMARY-  ------------------             -----
! SUMMARY-  Solid .......................:     1
! SUMMARY-                                 -----
! SUMMARY-  Total                              1
! STATUS-   Creating the UG part (Phase 3 of 3): 4-JUL-2024  10:14:34 PM
! STATUS-    
! STATUS-   Creating UG solid body from Input Ent Id 359
! STATUS-    
! STATUS-   fixing vertex off curve and/or edge reversed faults
! STATUS-    
! STATUS-   fixing vertex and/or edge off surface faults
! STATUS-    
! STATUS-   fixing self-intersecting topology faults
! STATUS-    
! STATUS-   fixing inconsistent loop faults
! STATUS-    
! STATUS-   simplifying Bsplines to analytics
! STATUS-    
! STATUS-   converting tolerant edges into exact edges
! STATUS-    
! STATUS-   doing final check of body to report any faults
! STATUS-    
! WARNING-  solid body contains fault: 13804 - RTSTSX: Self-intersecting topology.
! WARNING-  solid body (Unnamed) contains faults that could not be corrected
! WARNING-   
! INFO-     Filing Part ..: C:\Users\user\Desktop\Robodog_new\Robodog_new\HyperDog_Step\2023.404.777 - Shin
! SUMMARY-   
! SUMMARY-  Summary of Unigraphics Part Entities
! SUMMARY-   
! SUMMARY-  Entities Processed             Count
! SUMMARY-  ------------------             -----
! SUMMARY-  Solid .......................:     1
! SUMMARY-                                 -----
! SUMMARY-  Total                              1
! STATUS-   Creating the UG part (Phase 3 of 3): 4-JUL-2024  10:14:36 PM
! STATUS-    
! STATUS-   Creating UG solid body from Input Ent Id 3489
! STATUS-    
! STATUS-   fixing vertex and/or edge off surface faults
! STATUS-    
! STATUS-   simplifying Bsplines to analytics
! STATUS-    
! STATUS-   converting tolerant edges into exact edges
! STATUS-    
! STATUS-   doing final check of body to report any faults
! STATUS-    
! INFO-     Filing Part ..: C:\Users\user\Desktop\Robodog_new\Robodog_new\HyperDog_Step\2023.200.777 - Thigh
! SUMMARY-   
! SUMMARY-  Summary of Unigraphics Part Entities
! SUMMARY-   
! SUMMARY-  Entities Processed             Count
! SUMMARY-  ------------------             -----
! SUMMARY-  Solid .......................:     1
! SUMMARY-                                 -----
! SUMMARY-  Total                              1
! STATUS-   Creating the UG part (Phase 3 of 3): 4-JUL-2024  10:14:36 PM
! STATUS-    
! STATUS-   Creating UG solid body from Input Ent Id 360
! STATUS-    
! STATUS-   fixing vertex off curve and/or edge reversed faults
! STATUS-    
! STATUS-   fixing vertex and/or edge off surface faults
! STATUS-    
! STATUS-   fixing self-intersecting topology faults
! STATUS-    
! STATUS-   simplifying Bsplines to analytics
! STATUS-    
! STATUS-   converting tolerant edges into exact edges
! STATUS-    
! STATUS-   doing final check of body to report any faults
! STATUS-    
! WARNING-  solid body contains fault: 13804 - RTSTSX: Self-intersecting topology.
! WARNING-  solid body (Unnamed) contains faults that could not be corrected
! WARNING-   
! INFO-     Filing Part ..: C:\Users\user\Desktop\Robodog_new\Robodog_new\HyperDog_Step\2023.400.777 - Shin
! SUMMARY-   
! SUMMARY-  Summary of Unigraphics Part Entities
! SUMMARY-   
! SUMMARY-  Entities Processed             Count
! SUMMARY-  ------------------             -----
! SUMMARY-  Solid .......................:     1
! SUMMARY-                                 -----
! SUMMARY-  Total                              1
! STATUS-   Creating the UG part (Phase 3 of 3): 4-JUL-2024  10:14:38 PM
! STATUS-    
! STATUS-   Creating UG solid body from Input Ent Id 3490
! STATUS-    
! STATUS-   fixing vertex off curve and/or edge reversed faults
! STATUS-    
! STATUS-   fixing vertex and/or edge off surface faults
! STATUS-    
! STATUS-   fixing self-intersecting topology faults
! STATUS-    
! STATUS-   simplifying Bsplines to analytics
! STATUS-    
! STATUS-   converting tolerant edges into exact edges
! STATUS-    
! STATUS-   doing final check of body to report any faults
! STATUS-    
! WARNING-  solid body contains fault: 13826 - RTSTLC: Loops inconsistent.
! WARNING-  solid body contains fault: 13826 - RTSTLC: Loops inconsistent.
! WARNING-  solid body contains fault: 13826 - RTSTLC: Loops inconsistent.
! WARNING-  solid body (Unnamed) contains faults that could not be corrected
! WARNING-   
! INFO-     Filing Part ..: C:\Users\user\Desktop\Robodog_new\Robodog_new\HyperDog_Step\2023.100.777 - Body
! SUMMARY-   
! SUMMARY-  Summary of Unigraphics Part Entities
! SUMMARY-   
! SUMMARY-  Entities Processed             Count
! SUMMARY-  ------------------             -----
! SUMMARY-  Solid .......................:     1
! SUMMARY-                                 -----
! SUMMARY-  Total                              1
! STATUS-   Creating the UG part (Phase 3 of 3): 4-JUL-2024  10:14:58 PM
! INFO-     Filing Part ..: C:\Users\user\Desktop\Robodog_new\Robodog_new\HyperDog_Step\Hyperdog_stp.prt
! SUMMARY-   
! SUMMARY-  Summary of Unigraphics Part Entities
! SUMMARY-   
! SUMMARY-  Entities Processed             Count
! SUMMARY-  ------------------             -----
! SUMMARY-  Component ...................:    13
! SUMMARY-                                 -----
! SUMMARY-  Total                             13
! INFO-      
! INFO-     Total number of solids input for this translation       :         5
! INFO-      
! INFO-     Number of solids created without body validation faults :         2
! INFO-      
! INFO-     Number of solids created with body validation fault(s)  :         3
! INFO-      
! INFO-     Number of solids ending up as sheet bodies              :         0
! INFO-      
! INFO-     End of Translation: 4-JUL-2024  10:14:59 PM
! INFO-      
