STEP to UG
! INFO-     NX STEP AP203 - V12.0
! INFO-      
! INFO-     Start of Translation: 8-NOV-2023  12:45:23 AM
! INFO-      
! STATUS-   Converting Part: C:\Users\Sazewar\Desktop\DS\Robodog_new\M4 Nut.STEP
! SUMMARY-   
! SUMMARY-    STEP Header Information
! SUMMARY-   
! SUMMARY-  Description      STEP AP214
! SUMMARY-  Imp_Level        1
! SUMMARY-  File_Name        M4 Nut.STEP
! SUMMARY-  Date             2019-05-01T13:48:31
! SUMMARY-  Author           Unknown
! SUMMARY-  Organization     Unknown
! SUMMARY-  Pre_Version      SwSTEP 2.0
! SUMMARY-  Orig_System      SolidWorks 2018
! SUMMARY-  Authorization    Unknown
! SUMMARY-  Schema_ID        automotive_design
! SUMMARY-   
! SUMMARY-    Summary of STEP Entities
! SUMMARY-   
! SUMMARY-  Entity Type                                                   Count
! SUMMARY-  -----------                                                   ------
! SUMMARY-  advanced_face ..............................................:     36
! SUMMARY-  application_context ........................................:      2
! SUMMARY-  axis2_placement_3d .........................................:     56
! SUMMARY-  b_spline_curve_with_knots ..................................:     33
! SUMMARY-  b_spline_curve_with_knots_and_rational_b_spline_curve ......:     14
! SUMMARY-  b_spline_surface_with_knots_and_rational_b_spline_surface ..:      2
! SUMMARY-  cartesian_point ............................................:    852
! SUMMARY-  circle .....................................................:     21
! SUMMARY-  closed_shell ...............................................:      1
! SUMMARY-  conical_surface ............................................:     19
! SUMMARY-  cylindrical_surface ........................................:      7
! SUMMARY-  direction ..................................................:    131
! SUMMARY-  edge_curve .................................................:     87
! SUMMARY-  edge_loop ..................................................:     38
! SUMMARY-  face_bound .................................................:      2
! SUMMARY-  face_outer_bound ...........................................:     36
! SUMMARY-  geometric_representation_context_and_global_uncertainty_a ..:      3
! SUMMARY-  length_unit_and_si_unit ....................................:      3
! SUMMARY-  line .......................................................:     19
! SUMMARY-  manifold_solid_brep ........................................:      1
! SUMMARY-  oriented_edge ..............................................:    174
! SUMMARY-  plane ......................................................:      8
! SUMMARY-  plane_angle_unit_and_si_unit ...............................:      3
! SUMMARY-  product ....................................................:      1
! SUMMARY-  product_context ............................................:      1
! SUMMARY-  product_definition .........................................:      1
! SUMMARY-  product_definition_context .................................:      1
! SUMMARY-  product_definition_formation_with_specified_source .........:      1
! SUMMARY-  product_definition_shape ...................................:      1
! SUMMARY-  product_related_product_category ...........................:      1
! SUMMARY-  si_unit_and_solid_angle_unit ...............................:      3
! SUMMARY-  uncertainty_measure_with_unit ..............................:      3
! SUMMARY-  vector .....................................................:     19
! SUMMARY-  vertex_point ...............................................:     53
! SUMMARY-                                                               -------
! SUMMARY-  Total                                                           1633
! STATUS-    
! STATUS-   Converting to Output Form (Phase 2 of 3): 8-NOV-2023 12:45:23 AM
! STATUS-    
! STATUS-    
! STATUS-   Generating UG geometry and placing them in parts
! STATUS-    
! STATUS-   Creating the UG part (Phase 3 of 3): 8-NOV-2023  12:45:23 AM
! STATUS-    
! STATUS-   Creating UG solid body from Input Ent Id 136
! STATUS-    
! STATUS-   fixing vertex and/or edge off surface faults
! STATUS-    
! STATUS-   simplifying Bsplines to analytics
! STATUS-    
! STATUS-   converting tolerant edges into exact edges
! STATUS-    
! STATUS-   doing final check of body to report any faults
! STATUS-    
! INFO-     Filing Part ..: C:\Users\Sazewar\Desktop\DS\Robodog_new\M4 Nut_step.prt
! SUMMARY-   
! SUMMARY-  Summary of Unigraphics Part Entities
! SUMMARY-   
! SUMMARY-  Entities Processed             Count
! SUMMARY-  ------------------             -----
! SUMMARY-  Solid .......................:     1
! SUMMARY-                                 -----
! SUMMARY-  Total                              1
! INFO-      
! INFO-     Total number of solids input for this translation       :         1
! INFO-      
! INFO-     Number of solids created without body validation faults :         1
! INFO-      
! INFO-     Number of solids created with body validation fault(s)  :         0
! INFO-      
! INFO-     Number of solids ending up as sheet bodies              :         0
! INFO-      
! INFO-     End of Translation: 8-NOV-2023  12:45:23 AM
! INFO-      
