
Unigraphics NX V12.0 / 2D Exchange

Reading part: C:\Users\Sergei.Satsevich\Desktop\Псина2\Нога.prt


Writing part: C:\Users\SERGEI~1.SAT\AppData\Local\Temp\Serg266C3A205osp.prt

Elapsed time   :    0 minutes,  4 seconds
Actual CPU Time:    0 minutes,  5 seconds


 
	 	 Annotation Summary 
 

 
Other annotations in input Part 
-------------------------------------------------------------------------------------------------------------
Note                                           :	56
-------------------------------------------------------------------------------------------------------------
Total                                          :	56
-------------------------------------------------------------------------------------------------------------

 

 
Other annotations in output 2D Part 
-------------------------------------------------------------------------------------------------------------
Note                                           :	56
-------------------------------------------------------------------------------------------------------------
Total                                          :	56
-------------------------------------------------------------------------------------------------------------
INFO-
INFO-		Unigraphics Version NX V12.0 to AutoCAD 2004
INFO-		
INFO-
INFO-		Running UGTODWG Translator .....
INFO-
INFO-		Start of Translation: Wed Aug 30 17:30:31 2023
INFO-
STATUS-		Converting C:\Users\SERGEI~1.SAT\AppData\Local\Temp\Serg266C3A205osp.prt
STATUS-
----------------------------------------------------------------------------
SUMMARY-                     Warnings
----------------------------------------------------------------------------
1. Font file <txt.shx> not found.
   For text translation improvement, set environment variable DXFDWG_FONTS_DIR to directory contaning font files
   OR place this font file at location pointed to by DXFDWG_DIR.
-------------------------------End------------------------------------------

SUMMARY-
SUMMARY-	Summary of Unigraphics Input Entities
SUMMARY-	For Unigraphics File: C:\Users\SERGEI~1.SAT\AppData\Local\Temp\Serg266C3A205osp.prt
SUMMARY-	------------------------------------------------------------------
SUMMARY-	Entity Type					Count
SUMMARY-	------------------------------------------------------------------
SUMMARY-	Line .....................................:	111
SUMMARY-	Arc ......................................:	11
SUMMARY-	Circle ...................................:	10
SUMMARY-	Spline ...................................:	4
SUMMARY-	Note .....................................:	56
SUMMARY-	Cross Hatch ..............................:	4
SUMMARY-	Image ....................................:	1
SUMMARY-	------------------------------------------------------------------
SUMMARY-	Total ....................................:	197
SUMMARY-	------------------------------------------------------------------
SUMMARY-
STATUS-
INFO-
INFO-		Writing File: C:\Users\Sergei.Satsevich\Desktop\Псина2\Нога.dwg
SUMMARY-	Summary of AutoCAD Output Entities
SUMMARY-	------------------------------------------------------------------
SUMMARY-	Entity Type					Count
SUMMARY-	------------------------------------------------------------------
SUMMARY-	Arc ......................................:	11
SUMMARY-	Circle ...................................:	10
SUMMARY-	Spline ...................................:	4
SUMMARY-	Line .....................................:	1251
SUMMARY-	Multiline Text ...........................:	72
SUMMARY-	Layout ...................................:	6
SUMMARY-	Image ...................................:	1
SUMMARY-	------------------------------------------------------------------
SUMMARY-	Total ....................................:	1359
SUMMARY-	------------------------------------------------------------------
SUMMARY-
INFO-
INFO-		End of Translation: Wed Aug 30 17:30:32 2023
INFO-		Translation CPU time: 0 m, 1 sINFO-
